<?xml version="1.0" encoding="UTF-8"?>
<!-- Generated by org.testng.reporters.JUnitReportReporter -->
<testsuite hostname="CLAP3712" failures="0" tests="1" name="testCases.TC002_LoginTest" time="2.669" errors="0" timestamp="2024-11-06T13:19:09 IST" skipped="0">
  <testcase classname="testCases.TC002_LoginTest" name="verify_login" time="2.669"/>
</testsuite> <!-- testCases.TC002_LoginTest -->
